Connecting to database specified by database.yml
Connecting to database specified by database.yml
Migrating to CreateSolutions (20130523181845)
Migrating to CreateContacts (20130607121255)
Connecting to database specified by database.yml
Compiled jquery.js  (2ms)  (pid 9446)
Compiled jquery_ujs.js  (31ms)  (pid 9446)
Compiled twitter/bootstrap/bootstrap-transition.js  (0ms)  (pid 9446)
Compiled twitter/bootstrap/bootstrap-alert.js  (0ms)  (pid 9446)
Compiled twitter/bootstrap/bootstrap-modal.js  (0ms)  (pid 9446)
Compiled twitter/bootstrap/bootstrap-dropdown.js  (0ms)  (pid 9446)
Compiled twitter/bootstrap/bootstrap-scrollspy.js  (0ms)  (pid 9446)
Compiled twitter/bootstrap/bootstrap-tab.js  (0ms)  (pid 9446)
Compiled twitter/bootstrap/bootstrap-tooltip.js  (0ms)  (pid 9446)
Compiled twitter/bootstrap/bootstrap-popover.js  (0ms)  (pid 9446)
Compiled twitter/bootstrap/bootstrap-button.js  (0ms)  (pid 9446)
Compiled twitter/bootstrap/bootstrap-collapse.js  (0ms)  (pid 9446)
Compiled twitter/bootstrap/bootstrap-carousel.js  (0ms)  (pid 9446)
Compiled twitter/bootstrap/bootstrap-typeahead.js  (0ms)  (pid 9446)
Compiled twitter/bootstrap/bootstrap-affix.js  (0ms)  (pid 9446)
Compiled twitter/bootstrap.js  (168ms)  (pid 9446)
Compiled rails.validations.js  (0ms)  (pid 9446)
Compiled about.js  (105ms)  (pid 9446)
Compiled blog.js  (1ms)  (pid 9446)
Compiled bootstrap.js  (5ms)  (pid 9446)
Compiled contacts.js  (0ms)  (pid 9446)
Compiled home.js  (0ms)  (pid 9446)
Compiled index/bootstrap-affix.js  (0ms)  (pid 9446)
Compiled index/bootstrap-alert.js  (0ms)  (pid 9446)
Compiled index/bootstrap-button.js  (0ms)  (pid 9446)
Compiled index/bootstrap-carousel.js  (0ms)  (pid 9446)
Compiled index/bootstrap-collapse.js  (0ms)  (pid 9446)
Compiled index/bootstrap-dropdown.js  (0ms)  (pid 9446)
Compiled index/bootstrap-modal.js  (0ms)  (pid 9446)
Compiled index/bootstrap-popover.js  (0ms)  (pid 9446)
Compiled index/bootstrap-scrollspy.js  (0ms)  (pid 9446)
Compiled index/bootstrap-tab.js  (0ms)  (pid 9446)
Compiled index/bootstrap-tooltip.js  (0ms)  (pid 9446)
Compiled index/bootstrap-transition.js  (0ms)  (pid 9446)
Compiled index/bootstrap-typeahead.js  (0ms)  (pid 9446)
Compiled index/jquery.flexslider-min.js  (0ms)  (pid 9446)
Compiled index/jquery.js  (2ms)  (pid 9446)
Compiled index/jquery.quicksand.js  (0ms)  (pid 9446)
Compiled index/script.js  (0ms)  (pid 9446)
Compiled products.js  (1ms)  (pid 9446)
Compiled products/bootstrap-affix.js  (0ms)  (pid 9446)
Compiled products/bootstrap-alert.js  (0ms)  (pid 9446)
Compiled products/bootstrap-button.js  (0ms)  (pid 9446)
Compiled products/bootstrap-carousel.js  (0ms)  (pid 9446)
Compiled products/bootstrap-collapse.js  (0ms)  (pid 9446)
Compiled products/bootstrap-dropdown.js  (0ms)  (pid 9446)
Compiled products/bootstrap-modal.js  (0ms)  (pid 9446)
Compiled products/bootstrap-popover.js  (0ms)  (pid 9446)
Compiled products/bootstrap-scrollspy.js  (0ms)  (pid 9446)
Compiled products/bootstrap-tab.js  (0ms)  (pid 9446)
Compiled products/bootstrap-tooltip.js  (0ms)  (pid 9446)
Compiled products/bootstrap-transition.js  (0ms)  (pid 9446)
Compiled products/bootstrap-typeahead.js  (0ms)  (pid 9446)
Compiled products/jquery.flexslider-min.js  (0ms)  (pid 9446)
Compiled products/jquery.js  (2ms)  (pid 9446)
Compiled products/jquery.quicksand.js  (0ms)  (pid 9446)
Compiled products/script.js  (0ms)  (pid 9446)
Compiled public.js  (1ms)  (pid 9446)
Compiled solutions.js  (0ms)  (pid 9446)
Compiled solutions/bootstrap-affix.js  (0ms)  (pid 9446)
Compiled solutions/bootstrap-alert.js  (0ms)  (pid 9446)
Compiled solutions/bootstrap-button.js  (0ms)  (pid 9446)
Compiled solutions/bootstrap-carousel.js  (0ms)  (pid 9446)
Compiled solutions/bootstrap-collapse.js  (0ms)  (pid 9446)
Compiled solutions/bootstrap-dropdown.js  (0ms)  (pid 9446)
Compiled solutions/bootstrap-modal.js  (0ms)  (pid 9446)
Compiled solutions/bootstrap-popover.js  (0ms)  (pid 9446)
Compiled solutions/bootstrap-scrollspy.js  (0ms)  (pid 9446)
Compiled solutions/bootstrap-tab.js  (0ms)  (pid 9446)
Compiled solutions/bootstrap-tooltip.js  (0ms)  (pid 9446)
Compiled solutions/bootstrap-transition.js  (0ms)  (pid 9446)
Compiled solutions/bootstrap-typeahead.js  (0ms)  (pid 9446)
Compiled solutions/jquery.flexslider-min.js  (0ms)  (pid 9446)
Compiled solutions/jquery.js  (2ms)  (pid 9446)
Compiled solutions/jquery.quicksand.js  (0ms)  (pid 9446)
Compiled solutions/script.js  (0ms)  (pid 9446)
Compiled application.js  (892ms)  (pid 9446)
Compiled about.css  (59ms)  (pid 9446)
Compiled blog.css  (1ms)  (pid 9446)
Compiled bootstrap_and_overrides.css  (1214ms)  (pid 9446)
Compiled contacts.css  (1ms)  (pid 9446)
Compiled home.css  (0ms)  (pid 9446)
Compiled index/animate.css  (0ms)  (pid 9446)
Compiled index/bootstrap.css  (1ms)  (pid 9446)
Compiled index/custom-style.css  (0ms)  (pid 9446)
Compiled index/flexslider.css  (0ms)  (pid 9446)
Compiled index/responsive.css  (0ms)  (pid 9446)
Compiled index/theme-style.css  (0ms)  (pid 9446)
Compiled products.css  (1ms)  (pid 9446)
Compiled products/animate.css  (0ms)  (pid 9446)
Compiled products/bootstrap.css  (1ms)  (pid 9446)
Compiled products/custom-style.css  (0ms)  (pid 9446)
Compiled products/flexslider.css  (0ms)  (pid 9446)
Compiled products/responsive.css  (0ms)  (pid 9446)
Compiled products/theme-style.css  (0ms)  (pid 9446)
Compiled solutions.css  (1ms)  (pid 9446)
Compiled solutions/animate.css  (0ms)  (pid 9446)
Compiled solutions/bootstrap.css  (1ms)  (pid 9446)
Compiled solutions/custom-style.css  (0ms)  (pid 9446)
Compiled solutions/flexslider.css  (0ms)  (pid 9446)
Compiled solutions/responsive.css  (0ms)  (pid 9446)
Compiled solutions/theme-style.css  (0ms)  (pid 9446)
Compiled twitter/bootstrap.css  (487ms)  (pid 9446)
Compiled twitter/bootstrap-responsive.css  (118ms)  (pid 9446)
Compiled application.css  (2262ms)  (pid 9446)
Connecting to database specified by database.yml
Compiled jquery.js  (2ms)  (pid 9446)
Compiled jquery_ujs.js  (0ms)  (pid 9446)
Compiled twitter/bootstrap/bootstrap-transition.js  (0ms)  (pid 9446)
Compiled twitter/bootstrap/bootstrap-alert.js  (0ms)  (pid 9446)
Compiled twitter/bootstrap/bootstrap-modal.js  (0ms)  (pid 9446)
Compiled twitter/bootstrap/bootstrap-dropdown.js  (0ms)  (pid 9446)
Compiled twitter/bootstrap/bootstrap-scrollspy.js  (0ms)  (pid 9446)
Compiled twitter/bootstrap/bootstrap-tab.js  (0ms)  (pid 9446)
Compiled twitter/bootstrap/bootstrap-tooltip.js  (0ms)  (pid 9446)
Compiled twitter/bootstrap/bootstrap-popover.js  (0ms)  (pid 9446)
Compiled twitter/bootstrap/bootstrap-button.js  (0ms)  (pid 9446)
Compiled twitter/bootstrap/bootstrap-collapse.js  (0ms)  (pid 9446)
Compiled twitter/bootstrap/bootstrap-carousel.js  (0ms)  (pid 9446)
Compiled twitter/bootstrap/bootstrap-typeahead.js  (0ms)  (pid 9446)
Compiled twitter/bootstrap/bootstrap-affix.js  (0ms)  (pid 9446)
Compiled twitter/bootstrap.js  (113ms)  (pid 9446)
Compiled rails.validations.js  (0ms)  (pid 9446)
Compiled about.js  (116ms)  (pid 9446)
Compiled blog.js  (1ms)  (pid 9446)
Compiled bootstrap.js  (5ms)  (pid 9446)
Compiled contacts.js  (0ms)  (pid 9446)
Compiled home.js  (0ms)  (pid 9446)
Compiled index/bootstrap-affix.js  (0ms)  (pid 9446)
Compiled index/bootstrap-alert.js  (0ms)  (pid 9446)
Compiled index/bootstrap-button.js  (0ms)  (pid 9446)
Compiled index/bootstrap-carousel.js  (0ms)  (pid 9446)
Compiled index/bootstrap-collapse.js  (0ms)  (pid 9446)
Compiled index/bootstrap-dropdown.js  (0ms)  (pid 9446)
Compiled index/bootstrap-modal.js  (0ms)  (pid 9446)
Compiled index/bootstrap-popover.js  (0ms)  (pid 9446)
Compiled index/bootstrap-scrollspy.js  (0ms)  (pid 9446)
Compiled index/bootstrap-tab.js  (0ms)  (pid 9446)
Compiled index/bootstrap-tooltip.js  (0ms)  (pid 9446)
Compiled index/bootstrap-transition.js  (0ms)  (pid 9446)
Compiled index/bootstrap-typeahead.js  (0ms)  (pid 9446)
Compiled index/jquery.flexslider-min.js  (0ms)  (pid 9446)
Compiled index/jquery.js  (2ms)  (pid 9446)
Compiled index/jquery.quicksand.js  (0ms)  (pid 9446)
Compiled index/script.js  (0ms)  (pid 9446)
Compiled products.js  (0ms)  (pid 9446)
Compiled products/bootstrap-affix.js  (0ms)  (pid 9446)
Compiled products/bootstrap-alert.js  (0ms)  (pid 9446)
Compiled products/bootstrap-button.js  (0ms)  (pid 9446)
Compiled products/bootstrap-carousel.js  (0ms)  (pid 9446)
Compiled products/bootstrap-collapse.js  (0ms)  (pid 9446)
Compiled products/bootstrap-dropdown.js  (0ms)  (pid 9446)
Compiled products/bootstrap-modal.js  (0ms)  (pid 9446)
Compiled products/bootstrap-popover.js  (0ms)  (pid 9446)
Compiled products/bootstrap-scrollspy.js  (0ms)  (pid 9446)
Compiled products/bootstrap-tab.js  (0ms)  (pid 9446)
Compiled products/bootstrap-tooltip.js  (0ms)  (pid 9446)
Compiled products/bootstrap-transition.js  (0ms)  (pid 9446)
Compiled products/bootstrap-typeahead.js  (0ms)  (pid 9446)
Compiled products/jquery.flexslider-min.js  (0ms)  (pid 9446)
Compiled products/jquery.js  (2ms)  (pid 9446)
Compiled products/jquery.quicksand.js  (0ms)  (pid 9446)
Compiled products/script.js  (0ms)  (pid 9446)
Compiled public.js  (1ms)  (pid 9446)
Compiled solutions.js  (0ms)  (pid 9446)
Compiled solutions/bootstrap-affix.js  (0ms)  (pid 9446)
Compiled solutions/bootstrap-alert.js  (0ms)  (pid 9446)
Compiled solutions/bootstrap-button.js  (0ms)  (pid 9446)
Compiled solutions/bootstrap-carousel.js  (0ms)  (pid 9446)
Compiled solutions/bootstrap-collapse.js  (0ms)  (pid 9446)
Compiled solutions/bootstrap-dropdown.js  (0ms)  (pid 9446)
Compiled solutions/bootstrap-modal.js  (0ms)  (pid 9446)
Compiled solutions/bootstrap-popover.js  (0ms)  (pid 9446)
Compiled solutions/bootstrap-scrollspy.js  (0ms)  (pid 9446)
Compiled solutions/bootstrap-tab.js  (0ms)  (pid 9446)
Compiled solutions/bootstrap-tooltip.js  (0ms)  (pid 9446)
Compiled solutions/bootstrap-transition.js  (0ms)  (pid 9446)
Compiled solutions/bootstrap-typeahead.js  (34ms)  (pid 9446)
Compiled solutions/jquery.flexslider-min.js  (0ms)  (pid 9446)
Compiled solutions/jquery.js  (2ms)  (pid 9446)
Compiled solutions/jquery.quicksand.js  (0ms)  (pid 9446)
Compiled solutions/script.js  (0ms)  (pid 9446)
Compiled application.js  (648ms)  (pid 9446)
Compiled about.css  (7ms)  (pid 9446)
Compiled blog.css  (1ms)  (pid 9446)
Compiled bootstrap_and_overrides.css  (994ms)  (pid 9446)
Compiled contacts.css  (1ms)  (pid 9446)
Compiled home.css  (1ms)  (pid 9446)
Compiled index/animate.css  (0ms)  (pid 9446)
Compiled index/bootstrap.css  (1ms)  (pid 9446)
Compiled index/custom-style.css  (0ms)  (pid 9446)
Compiled index/flexslider.css  (0ms)  (pid 9446)
Compiled index/responsive.css  (0ms)  (pid 9446)
Compiled index/theme-style.css  (0ms)  (pid 9446)
Compiled products.css  (1ms)  (pid 9446)
Compiled products/animate.css  (0ms)  (pid 9446)
Compiled products/bootstrap.css  (1ms)  (pid 9446)
Compiled products/custom-style.css  (0ms)  (pid 9446)
Compiled products/flexslider.css  (0ms)  (pid 9446)
Compiled products/responsive.css  (0ms)  (pid 9446)
Compiled products/theme-style.css  (0ms)  (pid 9446)
Compiled solutions.css  (1ms)  (pid 9446)
Compiled solutions/animate.css  (50ms)  (pid 9446)
Compiled solutions/bootstrap.css  (1ms)  (pid 9446)
Compiled solutions/custom-style.css  (0ms)  (pid 9446)
Compiled solutions/flexslider.css  (0ms)  (pid 9446)
Compiled solutions/responsive.css  (0ms)  (pid 9446)
Compiled solutions/theme-style.css  (0ms)  (pid 9446)
Compiled twitter/bootstrap.css  (421ms)  (pid 9446)
Compiled twitter/bootstrap-responsive.css  (119ms)  (pid 9446)
Compiled application.css  (1794ms)  (pid 9446)
Connecting to database specified by database.yml
Compiled jquery.js  (2ms)  (pid 11362)
Compiled jquery_ujs.js  (0ms)  (pid 11362)
Compiled twitter/bootstrap/bootstrap-transition.js  (0ms)  (pid 11362)
Compiled twitter/bootstrap/bootstrap-alert.js  (0ms)  (pid 11362)
Compiled twitter/bootstrap/bootstrap-modal.js  (0ms)  (pid 11362)
Compiled twitter/bootstrap/bootstrap-dropdown.js  (0ms)  (pid 11362)
Compiled twitter/bootstrap/bootstrap-scrollspy.js  (0ms)  (pid 11362)
Compiled twitter/bootstrap/bootstrap-tab.js  (0ms)  (pid 11362)
Compiled twitter/bootstrap/bootstrap-tooltip.js  (0ms)  (pid 11362)
Compiled twitter/bootstrap/bootstrap-popover.js  (0ms)  (pid 11362)
Compiled twitter/bootstrap/bootstrap-button.js  (0ms)  (pid 11362)
Compiled twitter/bootstrap/bootstrap-collapse.js  (0ms)  (pid 11362)
Compiled twitter/bootstrap/bootstrap-carousel.js  (0ms)  (pid 11362)
Compiled twitter/bootstrap/bootstrap-typeahead.js  (0ms)  (pid 11362)
Compiled twitter/bootstrap/bootstrap-affix.js  (0ms)  (pid 11362)
Compiled twitter/bootstrap.js  (125ms)  (pid 11362)
Compiled rails.validations.js  (0ms)  (pid 11362)
Compiled about.js  (89ms)  (pid 11362)
Compiled blog.js  (1ms)  (pid 11362)
Compiled bootstrap.js  (5ms)  (pid 11362)
Compiled contacts.js  (0ms)  (pid 11362)
Compiled home.js  (0ms)  (pid 11362)
Compiled index/bootstrap-affix.js  (0ms)  (pid 11362)
Compiled index/bootstrap-alert.js  (0ms)  (pid 11362)
Compiled index/bootstrap-button.js  (0ms)  (pid 11362)
Compiled index/bootstrap-carousel.js  (0ms)  (pid 11362)
Compiled index/bootstrap-collapse.js  (0ms)  (pid 11362)
Compiled index/bootstrap-dropdown.js  (0ms)  (pid 11362)
Compiled index/bootstrap-modal.js  (0ms)  (pid 11362)
Compiled index/bootstrap-popover.js  (0ms)  (pid 11362)
Compiled index/bootstrap-scrollspy.js  (0ms)  (pid 11362)
Compiled index/bootstrap-tab.js  (0ms)  (pid 11362)
Compiled index/bootstrap-tooltip.js  (0ms)  (pid 11362)
Compiled index/bootstrap-transition.js  (0ms)  (pid 11362)
Compiled index/bootstrap-typeahead.js  (0ms)  (pid 11362)
Compiled index/jquery.flexslider-min.js  (0ms)  (pid 11362)
Compiled index/jquery.js  (37ms)  (pid 11362)
Compiled index/jquery.quicksand.js  (0ms)  (pid 11362)
Compiled index/script.js  (0ms)  (pid 11362)
Compiled products.js  (1ms)  (pid 11362)
Compiled products/bootstrap-affix.js  (0ms)  (pid 11362)
Compiled products/bootstrap-alert.js  (0ms)  (pid 11362)
Compiled products/bootstrap-button.js  (0ms)  (pid 11362)
Compiled products/bootstrap-carousel.js  (0ms)  (pid 11362)
Compiled products/bootstrap-collapse.js  (0ms)  (pid 11362)
Compiled products/bootstrap-dropdown.js  (0ms)  (pid 11362)
Compiled products/bootstrap-modal.js  (0ms)  (pid 11362)
Compiled products/bootstrap-popover.js  (0ms)  (pid 11362)
Compiled products/bootstrap-scrollspy.js  (0ms)  (pid 11362)
Compiled products/bootstrap-tab.js  (0ms)  (pid 11362)
Compiled products/bootstrap-tooltip.js  (0ms)  (pid 11362)
Compiled products/bootstrap-transition.js  (0ms)  (pid 11362)
Compiled products/bootstrap-typeahead.js  (0ms)  (pid 11362)
Compiled products/jquery.flexslider-min.js  (0ms)  (pid 11362)
Compiled products/jquery.js  (2ms)  (pid 11362)
Compiled products/jquery.quicksand.js  (0ms)  (pid 11362)
Compiled products/script.js  (0ms)  (pid 11362)
Compiled public.js  (1ms)  (pid 11362)
Compiled solutions.js  (0ms)  (pid 11362)
Compiled solutions/bootstrap-affix.js  (0ms)  (pid 11362)
Compiled solutions/bootstrap-alert.js  (0ms)  (pid 11362)
Compiled solutions/bootstrap-button.js  (0ms)  (pid 11362)
Compiled solutions/bootstrap-carousel.js  (0ms)  (pid 11362)
Compiled solutions/bootstrap-collapse.js  (0ms)  (pid 11362)
Compiled solutions/bootstrap-dropdown.js  (0ms)  (pid 11362)
Compiled solutions/bootstrap-modal.js  (0ms)  (pid 11362)
Compiled solutions/bootstrap-popover.js  (0ms)  (pid 11362)
Compiled solutions/bootstrap-scrollspy.js  (0ms)  (pid 11362)
Compiled solutions/bootstrap-tab.js  (0ms)  (pid 11362)
Compiled solutions/bootstrap-tooltip.js  (0ms)  (pid 11362)
Compiled solutions/bootstrap-transition.js  (0ms)  (pid 11362)
Compiled solutions/bootstrap-typeahead.js  (0ms)  (pid 11362)
Compiled solutions/jquery.flexslider-min.js  (0ms)  (pid 11362)
Compiled solutions/jquery.js  (2ms)  (pid 11362)
Compiled solutions/jquery.quicksand.js  (0ms)  (pid 11362)
Compiled solutions/script.js  (0ms)  (pid 11362)
Compiled application.js  (730ms)  (pid 11362)
Compiled about.css  (7ms)  (pid 11362)
Compiled blog.css  (1ms)  (pid 11362)
Compiled bootstrap_and_overrides.css  (1074ms)  (pid 11362)
Compiled contacts.css  (1ms)  (pid 11362)
Compiled home.css  (1ms)  (pid 11362)
Compiled index/animate.css  (0ms)  (pid 11362)
Compiled index/bootstrap.css  (1ms)  (pid 11362)
Compiled index/custom-style.css  (0ms)  (pid 11362)
Compiled index/flexslider.css  (0ms)  (pid 11362)
Compiled index/responsive.css  (0ms)  (pid 11362)
Compiled index/theme-style.css  (0ms)  (pid 11362)
Compiled products.css  (1ms)  (pid 11362)
Compiled products/animate.css  (0ms)  (pid 11362)
Compiled products/bootstrap.css  (56ms)  (pid 11362)
Compiled products/custom-style.css  (0ms)  (pid 11362)
Compiled products/flexslider.css  (0ms)  (pid 11362)
Compiled products/responsive.css  (0ms)  (pid 11362)
Compiled products/theme-style.css  (0ms)  (pid 11362)
Compiled solutions.css  (1ms)  (pid 11362)
Compiled solutions/animate.css  (0ms)  (pid 11362)
Compiled solutions/bootstrap.css  (1ms)  (pid 11362)
Compiled solutions/custom-style.css  (0ms)  (pid 11362)
Compiled solutions/flexslider.css  (0ms)  (pid 11362)
Compiled solutions/responsive.css  (0ms)  (pid 11362)
Compiled solutions/theme-style.css  (0ms)  (pid 11362)
Compiled twitter/bootstrap.css  (496ms)  (pid 11362)
Compiled twitter/bootstrap-responsive.css  (124ms)  (pid 11362)
Compiled application.css  (1975ms)  (pid 11362)
Connecting to database specified by database.yml
Compiled jquery.js  (43ms)  (pid 11362)
Compiled jquery_ujs.js  (0ms)  (pid 11362)
Compiled twitter/bootstrap/bootstrap-transition.js  (0ms)  (pid 11362)
Compiled twitter/bootstrap/bootstrap-alert.js  (0ms)  (pid 11362)
Compiled twitter/bootstrap/bootstrap-modal.js  (0ms)  (pid 11362)
Compiled twitter/bootstrap/bootstrap-dropdown.js  (0ms)  (pid 11362)
Compiled twitter/bootstrap/bootstrap-scrollspy.js  (0ms)  (pid 11362)
Compiled twitter/bootstrap/bootstrap-tab.js  (0ms)  (pid 11362)
Compiled twitter/bootstrap/bootstrap-tooltip.js  (0ms)  (pid 11362)
Compiled twitter/bootstrap/bootstrap-popover.js  (0ms)  (pid 11362)
Compiled twitter/bootstrap/bootstrap-button.js  (0ms)  (pid 11362)
Compiled twitter/bootstrap/bootstrap-collapse.js  (0ms)  (pid 11362)
Compiled twitter/bootstrap/bootstrap-carousel.js  (0ms)  (pid 11362)
Compiled twitter/bootstrap/bootstrap-typeahead.js  (0ms)  (pid 11362)
Compiled twitter/bootstrap/bootstrap-affix.js  (0ms)  (pid 11362)
Compiled twitter/bootstrap.js  (117ms)  (pid 11362)
Compiled rails.validations.js  (0ms)  (pid 11362)
Compiled about.js  (88ms)  (pid 11362)
Compiled blog.js  (1ms)  (pid 11362)
Compiled bootstrap.js  (6ms)  (pid 11362)
Compiled contacts.js  (0ms)  (pid 11362)
Compiled home.js  (0ms)  (pid 11362)
Compiled index/bootstrap-affix.js  (0ms)  (pid 11362)
Compiled index/bootstrap-alert.js  (0ms)  (pid 11362)
Compiled index/bootstrap-button.js  (0ms)  (pid 11362)
Compiled index/bootstrap-carousel.js  (0ms)  (pid 11362)
Compiled index/bootstrap-collapse.js  (0ms)  (pid 11362)
Compiled index/bootstrap-dropdown.js  (0ms)  (pid 11362)
Compiled index/bootstrap-modal.js  (0ms)  (pid 11362)
Compiled index/bootstrap-popover.js  (0ms)  (pid 11362)
Compiled index/bootstrap-scrollspy.js  (0ms)  (pid 11362)
Compiled index/bootstrap-tab.js  (0ms)  (pid 11362)
Compiled index/bootstrap-tooltip.js  (0ms)  (pid 11362)
Compiled index/bootstrap-transition.js  (0ms)  (pid 11362)
Compiled index/bootstrap-typeahead.js  (0ms)  (pid 11362)
Compiled index/jquery.flexslider-min.js  (0ms)  (pid 11362)
Compiled index/jquery.js  (2ms)  (pid 11362)
Compiled index/jquery.quicksand.js  (0ms)  (pid 11362)
Compiled index/script.js  (0ms)  (pid 11362)
Compiled products.js  (1ms)  (pid 11362)
Compiled products/bootstrap-affix.js  (0ms)  (pid 11362)
Compiled products/bootstrap-alert.js  (0ms)  (pid 11362)
Compiled products/bootstrap-button.js  (34ms)  (pid 11362)
Compiled products/bootstrap-carousel.js  (0ms)  (pid 11362)
Compiled products/bootstrap-collapse.js  (0ms)  (pid 11362)
Compiled products/bootstrap-dropdown.js  (0ms)  (pid 11362)
Compiled products/bootstrap-modal.js  (0ms)  (pid 11362)
Compiled products/bootstrap-popover.js  (0ms)  (pid 11362)
Compiled products/bootstrap-scrollspy.js  (0ms)  (pid 11362)
Compiled products/bootstrap-tab.js  (0ms)  (pid 11362)
Compiled products/bootstrap-tooltip.js  (0ms)  (pid 11362)
Compiled products/bootstrap-transition.js  (0ms)  (pid 11362)
Compiled products/bootstrap-typeahead.js  (0ms)  (pid 11362)
Compiled products/jquery.flexslider-min.js  (0ms)  (pid 11362)
Compiled products/jquery.js  (3ms)  (pid 11362)
Compiled products/jquery.quicksand.js  (0ms)  (pid 11362)
Compiled products/script.js  (0ms)  (pid 11362)
Compiled public.js  (1ms)  (pid 11362)
Compiled solutions.js  (0ms)  (pid 11362)
Compiled solutions/bootstrap-affix.js  (0ms)  (pid 11362)
Compiled solutions/bootstrap-alert.js  (0ms)  (pid 11362)
Compiled solutions/bootstrap-button.js  (0ms)  (pid 11362)
Compiled solutions/bootstrap-carousel.js  (0ms)  (pid 11362)
Compiled solutions/bootstrap-collapse.js  (0ms)  (pid 11362)
Compiled solutions/bootstrap-dropdown.js  (0ms)  (pid 11362)
Compiled solutions/bootstrap-modal.js  (0ms)  (pid 11362)
Compiled solutions/bootstrap-popover.js  (0ms)  (pid 11362)
Compiled solutions/bootstrap-scrollspy.js  (0ms)  (pid 11362)
Compiled solutions/bootstrap-tab.js  (0ms)  (pid 11362)
Compiled solutions/bootstrap-tooltip.js  (0ms)  (pid 11362)
Compiled solutions/bootstrap-transition.js  (0ms)  (pid 11362)
Compiled solutions/bootstrap-typeahead.js  (0ms)  (pid 11362)
Compiled solutions/jquery.flexslider-min.js  (0ms)  (pid 11362)
Compiled solutions/jquery.js  (2ms)  (pid 11362)
Compiled solutions/jquery.quicksand.js  (0ms)  (pid 11362)
Compiled solutions/script.js  (0ms)  (pid 11362)
Compiled application.js  (747ms)  (pid 11362)
Compiled about.css  (7ms)  (pid 11362)
Compiled blog.css  (1ms)  (pid 11362)
Compiled bootstrap_and_overrides.css  (975ms)  (pid 11362)
Compiled contacts.css  (1ms)  (pid 11362)
Compiled home.css  (1ms)  (pid 11362)
Compiled index/animate.css  (0ms)  (pid 11362)
Compiled index/bootstrap.css  (1ms)  (pid 11362)
Compiled index/custom-style.css  (0ms)  (pid 11362)
Compiled index/flexslider.css  (0ms)  (pid 11362)
Compiled index/responsive.css  (0ms)  (pid 11362)
Compiled index/theme-style.css  (0ms)  (pid 11362)
Compiled products.css  (1ms)  (pid 11362)
Compiled products/animate.css  (0ms)  (pid 11362)
Compiled products/bootstrap.css  (1ms)  (pid 11362)
Compiled products/custom-style.css  (0ms)  (pid 11362)
Compiled products/flexslider.css  (0ms)  (pid 11362)
Compiled products/responsive.css  (0ms)  (pid 11362)
Compiled products/theme-style.css  (0ms)  (pid 11362)
Compiled solutions.css  (1ms)  (pid 11362)
Compiled solutions/animate.css  (0ms)  (pid 11362)
Compiled solutions/bootstrap.css  (1ms)  (pid 11362)
Compiled solutions/custom-style.css  (0ms)  (pid 11362)
Compiled solutions/flexslider.css  (0ms)  (pid 11362)
Compiled solutions/responsive.css  (0ms)  (pid 11362)
Compiled solutions/theme-style.css  (0ms)  (pid 11362)
Compiled twitter/bootstrap.css  (419ms)  (pid 11362)
Compiled twitter/bootstrap-responsive.css  (117ms)  (pid 11362)
Compiled application.css  (1777ms)  (pid 11362)
Connecting to database specified by database.yml
Connecting to database specified by database.yml
Migrating to CreateSolutions (20130523181845)
Migrating to CreateContacts (20130607121255)
Connecting to database specified by database.yml
Compiled jquery.js  (2ms)  (pid 9611)
Compiled jquery_ujs.js  (0ms)  (pid 9611)
Compiled twitter/bootstrap/affix.js  (0ms)  (pid 9611)
Compiled twitter/bootstrap/alert.js  (0ms)  (pid 9611)
Compiled twitter/bootstrap/button.js  (0ms)  (pid 9611)
Compiled twitter/bootstrap/carousel.js  (0ms)  (pid 9611)
Compiled twitter/bootstrap/collapse.js  (0ms)  (pid 9611)
Compiled twitter/bootstrap/dropdown.js  (0ms)  (pid 9611)
Compiled twitter/bootstrap/modal.js  (0ms)  (pid 9611)
Compiled twitter/bootstrap/tooltip.js  (0ms)  (pid 9611)
Compiled twitter/bootstrap/popover.js  (0ms)  (pid 9611)
Compiled twitter/bootstrap/scrollspy.js  (0ms)  (pid 9611)
Compiled twitter/bootstrap/tab.js  (0ms)  (pid 9611)
Compiled twitter/bootstrap/transition.js  (32ms)  (pid 9611)
Compiled twitter/bootstrap/typeahead.js  (0ms)  (pid 9611)
Compiled twitter/bootstrap.js  (150ms)  (pid 9611)
Compiled rails.validations.js  (0ms)  (pid 9611)
Compiled bootstrap-affix.js  (0ms)  (pid 9611)
Compiled bootstrap-alert.js  (0ms)  (pid 9611)
Compiled bootstrap-button.js  (0ms)  (pid 9611)
Compiled bootstrap-carousel.js  (0ms)  (pid 9611)
Compiled bootstrap-collapse.js  (0ms)  (pid 9611)
Compiled bootstrap-dropdown.js  (0ms)  (pid 9611)
Compiled bootstrap-modal.js  (0ms)  (pid 9611)
Compiled bootstrap-popover.js  (0ms)  (pid 9611)
Compiled bootstrap-scrollspy.js  (0ms)  (pid 9611)
Compiled bootstrap-tab.js  (0ms)  (pid 9611)
Compiled bootstrap-tooltip.js  (0ms)  (pid 9611)
Compiled bootstrap-transition.js  (0ms)  (pid 9611)
Compiled bootstrap-typeahead.js  (0ms)  (pid 9611)
Compiled bootstrap.js  (90ms)  (pid 9611)
Compiled jquery.flexslider-min.js  (0ms)  (pid 9611)
Compiled jquery.quicksand.js  (0ms)  (pid 9611)
Compiled script.js  (0ms)  (pid 9611)
Compiled application.js  (381ms)  (pid 9611)
Compiled animate.css  (0ms)  (pid 9611)
Compiled bootstrap.css  (1ms)  (pid 9611)
Connecting to database specified by database.yml
Compiled jquery.js  (2ms)  (pid 10163)
Compiled jquery_ujs.js  (0ms)  (pid 10163)
Compiled twitter/bootstrap/affix.js  (0ms)  (pid 10163)
Compiled twitter/bootstrap/alert.js  (0ms)  (pid 10163)
Compiled twitter/bootstrap/button.js  (0ms)  (pid 10163)
Compiled twitter/bootstrap/carousel.js  (0ms)  (pid 10163)
Compiled twitter/bootstrap/collapse.js  (0ms)  (pid 10163)
Compiled twitter/bootstrap/dropdown.js  (0ms)  (pid 10163)
Compiled twitter/bootstrap/modal.js  (0ms)  (pid 10163)
Compiled twitter/bootstrap/tooltip.js  (0ms)  (pid 10163)
Compiled twitter/bootstrap/popover.js  (0ms)  (pid 10163)
Compiled twitter/bootstrap/scrollspy.js  (0ms)  (pid 10163)
Compiled twitter/bootstrap/tab.js  (0ms)  (pid 10163)
Compiled twitter/bootstrap/transition.js  (0ms)  (pid 10163)
Compiled twitter/bootstrap/typeahead.js  (0ms)  (pid 10163)
Compiled twitter/bootstrap.js  (148ms)  (pid 10163)
Compiled rails.validations.js  (0ms)  (pid 10163)
Compiled bootstrap-affix.js  (0ms)  (pid 10163)
Compiled bootstrap-alert.js  (0ms)  (pid 10163)
Compiled bootstrap-button.js  (0ms)  (pid 10163)
Compiled bootstrap-carousel.js  (0ms)  (pid 10163)
Compiled bootstrap-collapse.js  (0ms)  (pid 10163)
Compiled bootstrap-dropdown.js  (0ms)  (pid 10163)
Compiled bootstrap-modal.js  (0ms)  (pid 10163)
Compiled bootstrap-popover.js  (0ms)  (pid 10163)
Compiled bootstrap-scrollspy.js  (0ms)  (pid 10163)
Compiled bootstrap-tab.js  (0ms)  (pid 10163)
Compiled bootstrap-tooltip.js  (0ms)  (pid 10163)
Compiled bootstrap-transition.js  (0ms)  (pid 10163)
Compiled bootstrap-typeahead.js  (0ms)  (pid 10163)
Compiled bootstrap.js  (90ms)  (pid 10163)
Compiled jquery.flexslider-min.js  (0ms)  (pid 10163)
Compiled jquery.quicksand.js  (0ms)  (pid 10163)
Compiled script.js  (0ms)  (pid 10163)
Compiled application.js  (376ms)  (pid 10163)
Compiled animate.css  (0ms)  (pid 10163)
Compiled bootstrap.css  (1ms)  (pid 10163)
Connecting to database specified by database.yml
Compiled jquery.js  (2ms)  (pid 10232)
Compiled jquery_ujs.js  (0ms)  (pid 10232)
Compiled twitter/bootstrap/affix.js  (0ms)  (pid 10232)
Compiled twitter/bootstrap/alert.js  (0ms)  (pid 10232)
Compiled twitter/bootstrap/button.js  (0ms)  (pid 10232)
Compiled twitter/bootstrap/carousel.js  (0ms)  (pid 10232)
Compiled twitter/bootstrap/collapse.js  (0ms)  (pid 10232)
Compiled twitter/bootstrap/dropdown.js  (0ms)  (pid 10232)
Compiled twitter/bootstrap/modal.js  (0ms)  (pid 10232)
Compiled twitter/bootstrap/tooltip.js  (0ms)  (pid 10232)
Compiled twitter/bootstrap/popover.js  (0ms)  (pid 10232)
Compiled twitter/bootstrap/scrollspy.js  (0ms)  (pid 10232)
Compiled twitter/bootstrap/tab.js  (0ms)  (pid 10232)
Compiled twitter/bootstrap/transition.js  (0ms)  (pid 10232)
Compiled twitter/bootstrap/typeahead.js  (0ms)  (pid 10232)
Compiled twitter/bootstrap.js  (118ms)  (pid 10232)
Compiled rails.validations.js  (0ms)  (pid 10232)
Compiled bootstrap-affix.js  (0ms)  (pid 10232)
Compiled bootstrap-alert.js  (0ms)  (pid 10232)
Compiled bootstrap-button.js  (0ms)  (pid 10232)
Compiled bootstrap-carousel.js  (0ms)  (pid 10232)
Compiled bootstrap-collapse.js  (0ms)  (pid 10232)
Compiled bootstrap-dropdown.js  (0ms)  (pid 10232)
Compiled bootstrap-modal.js  (0ms)  (pid 10232)
Compiled bootstrap-popover.js  (0ms)  (pid 10232)
Compiled bootstrap-scrollspy.js  (0ms)  (pid 10232)
Compiled bootstrap-tab.js  (0ms)  (pid 10232)
Compiled bootstrap-tooltip.js  (0ms)  (pid 10232)
Compiled bootstrap-transition.js  (0ms)  (pid 10232)
Compiled bootstrap-typeahead.js  (0ms)  (pid 10232)
Compiled bootstrap.js  (90ms)  (pid 10232)
Compiled jquery.flexslider-min.js  (0ms)  (pid 10232)
Compiled jquery.quicksand.js  (0ms)  (pid 10232)
Compiled script.js  (0ms)  (pid 10232)
Compiled application.js  (377ms)  (pid 10232)
Compiled animate.css  (26ms)  (pid 10232)
Compiled bootstrap.css  (1ms)  (pid 10232)
